\BOOKMARK [1][-]{section.1}{\376\377\000I\000n\000t\000r\000o\000d\000u\000c\000t\000i\000o\000n\000\040\000a\000u\000\040\000c\000o\000n\000t\000r\000\364\000l\000e\000\040\000d\000u\000\040\000m\000o\000u\000v\000e\000m\000e\000n\000t}{}% 1
\BOOKMARK [2][-]{subsection.1.1}{\376\377\000C\000o\000n\000c\000e\000p\000t\000s}{section.1}% 2
\BOOKMARK [2][-]{subsection.1.2}{\376\377\000T\000e\000c\000h\000n\000o\000l\000o\000g\000i\000e}{section.1}% 3
\BOOKMARK [3][-]{subsubsection.1.2.1}{\376\377\000C\000o\000n\000t\000r\000\364\000l\000e\000u\000r}{subsection.1.2}% 4
\BOOKMARK [3][-]{subsubsection.1.2.2}{\376\377\000A\000c\000t\000i\000o\000n\000n\000e\000u\000r\000s}{subsection.1.2}% 5
\BOOKMARK [3][-]{subsubsection.1.2.3}{\376\377\000C\000a\000p\000t\000e\000u\000r\000s}{subsection.1.2}% 6
\BOOKMARK [2][-]{subsection.1.3}{\376\377\000P\000r\000o\000b\000l\000\350\000m\000e\000s\000\040\000d\000e\000\040\000c\000o\000n\000t\000r\000\364\000l\000e}{section.1}% 7
\BOOKMARK [3][-]{subsubsection.1.3.1}{\376\377\000R\000\351\000g\000u\000l\000a\000t\000i\000o\000n\000\040\000d\000e\000\040\000c\000o\000n\000s\000i\000g\000n\000e}{subsection.1.3}% 8
\BOOKMARK [3][-]{subsubsection.1.3.2}{\376\377\000S\000u\000i\000v\000i\000\040\000d\000e\000\040\000t\000r\000a\000j\000e\000c\000t\000o\000i\000r\000e}{subsection.1.3}% 9
\BOOKMARK [2][-]{subsection.1.4}{\376\377\000C\000h\000a\000m\000p\000s\000\040\000d\000'\000a\000p\000p\000l\000i\000c\000a\000t\000i\000o\000n}{section.1}% 10
\BOOKMARK [1][-]{section.2}{\376\377\000T\000h\000\351\000o\000r\000i\000e\000\040\000d\000u\000\040\000c\000o\000n\000t\000r\000\364\000l\000e\000\040\000d\000u\000\040\000m\000o\000u\000v\000e\000m\000e\000n\000t}{}% 11
\BOOKMARK [2][-]{subsection.2.1}{\376\377\000R\000e\000p\000r\000\351\000s\000e\000n\000t\000a\000t\000i\000o\000n\000\040\000i\000n\000t\000e\000r\000n\000e}{section.2}% 12
\BOOKMARK [3][-]{subsubsection.2.1.1}{\376\377\000I\000n\000t\000r\000o\000d\000u\000c\000t\000i\000o\000n}{subsection.2.1}% 13
\BOOKMARK [3][-]{subsubsection.2.1.2}{\376\377\000R\000e\000p\000r\000\351\000s\000e\000n\000t\000a\000t\000i\000o\000n\000\040\000e\000x\000t\000e\000r\000n\000e\000\040\000e\000t\000\040\000r\000e\000p\000r\000\351\000s\000e\000n\000t\000a\000t\000i\000o\000n\000\040\000i\000n\000t\000e\000r\000n\000e}{subsection.2.1}% 14
\BOOKMARK [3][-]{subsubsection.2.1.3}{\376\377\000\311\000q\000u\000a\000t\000i\000o\000n\000s\000\040\000d\000'\000\351\000t\000a\000t\000\040\000e\000t\000\040\000d\000e\000\040\000s\000o\000r\000t\000i\000e}{subsection.2.1}% 15
\BOOKMARK [3][-]{subsubsection.2.1.4}{\376\377\000L\000i\000e\000n\000\040\000e\000n\000t\000r\000e\000\040\000r\000e\000p\000r\000\351\000s\000e\000n\000t\000a\000t\000i\000o\000n\000\040\000i\000n\000t\000e\000r\000n\000e\000\040\000e\000t\000\040\000f\000o\000n\000c\000t\000i\000o\000n\000\040\000d\000e\000\040\000t\000r\000a\000n\000s\000f\000e\000r\000t}{subsection.2.1}% 16
\BOOKMARK [3][-]{subsubsection.2.1.5}{\376\377\000C\000o\000m\000p\000a\000r\000a\000i\000s\000o\000n\000\040\000e\000n\000t\000r\000e\000\040\000t\000h\000\351\000o\000r\000i\000e\000\040\000c\000l\000a\000s\000s\000i\000q\000u\000e\000\040\000e\000t\000\040\000t\000h\000\351\000o\000r\000i\000e\000\040\000m\000o\000d\000e\000r\000n\000e}{subsection.2.1}% 17
\BOOKMARK [3][-]{subsubsection.2.1.6}{\376\377\000R\000e\000t\000a\000r\000d\000s\000\040\000d\000e\000\040\000t\000r\000a\000n\000s\000p\000o\000r\000t}{subsection.2.1}% 18
\BOOKMARK [3][-]{subsubsection.2.1.7}{\376\377\000P\000r\000o\000p\000r\000i\000\351\000t\000\351\000s\000\040\000d\000e\000\040\000l\000a\000\040\000r\000e\000p\000r\000\351\000s\000e\000n\000t\000a\000t\000i\000o\000n\000\040\000i\000n\000t\000e\000r\000n\000e}{subsection.2.1}% 19
\BOOKMARK [3][-]{subsubsection.2.1.8}{\376\377\000\311\000t\000a\000t\000s\000\040\000r\000\351\000c\000u\000p\000\351\000r\000a\000b\000l\000e\000s}{subsection.2.1}% 20
\BOOKMARK [2][-]{subsection.2.2}{\376\377\000R\000\351\000g\000u\000l\000a\000t\000i\000o\000n\000\040\000d\000e\000\040\000c\000o\000n\000s\000i\000g\000n\000e\000s}{section.2}% 21
\BOOKMARK [3][-]{subsubsection.2.2.1}{\376\377\000P\000r\000i\000n\000c\000i\000p\000e\000\040\000d\000e\000\040\000l\000a\000\040\000r\000\351\000g\000u\000l\000a\000t\000i\000o\000n}{subsection.2.2}% 22
\BOOKMARK [3][-]{subsubsection.2.2.2}{\376\377\000R\000e\000t\000o\000u\000r\000\040\000d\000'\000\351\000t\000a\000t}{subsection.2.2}% 23
\BOOKMARK [3][-]{subsubsection.2.2.3}{\376\377\000A\000s\000s\000i\000g\000n\000a\000t\000i\000o\000n\000\040\000d\000e\000\040\000p\000\364\000l\000e\000s}{subsection.2.2}% 24
\BOOKMARK [3][-]{subsubsection.2.2.4}{\376\377\000C\000a\000l\000c\000u\000l\000\040\000d\000e\000s\000\040\000r\000\351\000f\000\351\000r\000e\000n\000c\000e\000s}{subsection.2.2}% 25
\BOOKMARK [3][-]{subsubsection.2.2.5}{\376\377\000V\000a\000r\000i\000a\000b\000l\000e\000s\000\040\000d\000'\000i\000n\000t\000\351\000g\000r\000a\000t\000i\000o\000n}{subsection.2.2}% 26
\BOOKMARK [3][-]{subsubsection.2.2.6}{\376\377\000C\000a\000s\000\040\000d\000e\000\040\000p\000l\000u\000s\000i\000e\000u\000r\000s\000\040\000a\000c\000t\000i\000o\000n\000n\000e\000m\000e\000n\000t\000s}{subsection.2.2}% 27
\BOOKMARK [3][-]{subsubsection.2.2.7}{\376\377\000R\000\351\000g\000u\000l\000a\000t\000i\000o\000n\000\040\000l\000i\000n\000\351\000a\000i\000r\000e\000\040\000o\000p\000t\000i\000m\000a\000l\000e\000\040\000q\000u\000a\000d\000r\000a\000t\000i\000q\000u\000e}{subsection.2.2}% 28
\BOOKMARK [2][-]{subsection.2.3}{\376\377\000S\000u\000i\000v\000i\000\040\000d\000e\000\040\000t\000r\000a\000j\000e\000c\000t\000o\000i\000r\000e\000s}{section.2}% 29
\BOOKMARK [3][-]{subsubsection.2.3.1}{\376\377\000D\000\351\000f\000i\000n\000i\000t\000i\000o\000n\000\040\000d\000u\000\040\000p\000r\000o\000b\000l\000\350\000m\000e}{subsection.2.3}% 30
\BOOKMARK [3][-]{subsubsection.2.3.2}{\376\377\000S\000c\000h\000\351\000m\000a\000\040\000g\000\351\000n\000\351\000r\000a\000l}{subsection.2.3}% 31
\BOOKMARK [3][-]{subsubsection.2.3.3}{\376\377\000M\000o\000d\000\350\000l\000e\000\040\000i\000n\000v\000e\000r\000s\000e}{subsection.2.3}% 32
\BOOKMARK [3][-]{subsubsection.2.3.4}{\376\377\000V\000a\000r\000i\000a\000b\000l\000e\000s\000\040\000d\000'\000i\000n\000t\000\351\000g\000r\000a\000t\000i\000o\000n}{subsection.2.3}% 33
\BOOKMARK [3][-]{subsubsection.2.3.5}{\376\377\000G\000\351\000n\000\351\000r\000a\000t\000i\000o\000n\000\040\000d\000e\000\040\000t\000r\000a\000j\000e\000c\000t\000o\000i\000r\000e\000s}{subsection.2.3}% 34
